<?xml version="1.0" encoding="UTF-8"?>
<testng-results ignored="0" total="1" passed="1" failed="0" skipped="0">
  <reporter-output>
  </reporter-output>
  <suite started-at="2023-08-08T12:43:15 IST" name="Default suite" finished-at="2023-08-08T12:43:29 IST" duration-ms="13745">
    <groups>
    </groups>
    <test started-at="2023-08-08T12:43:15 IST" name="Default test" finished-at="2023-08-08T12:43:29 IST" duration-ms="13745">
      <class name="com.testing.dockertesting.dockertest">
        <test-method is-config="true" signature="setup()[pri:0, instance:com.testing.dockertesting.dockertest@759d26fb]" started-at="2023-08-08T12:43:15 IST" name="setup" finished-at="2023-08-08T12:43:16 IST" duration-ms="769" status="PASS">
          <reporter-output>
          </reporter-output>
        </test-method> <!-- setup -->
        <test-method signature="testWebsiteTitle()[pri:0, instance:com.testing.dockertesting.dockertest@759d26fb]" started-at="2023-08-08T12:43:16 IST" name="testWebsiteTitle" finished-at="2023-08-08T12:43:29 IST" duration-ms="12867" status="PASS">
          <reporter-output>
          </reporter-output>
        </test-method> <!-- testWebsiteTitle -->
        <test-method is-config="true" signature="close()[pri:0, instance:com.testing.dockertesting.dockertest@759d26fb]" started-at="2023-08-08T12:43:29 IST" name="close" finished-at="2023-08-08T12:43:29 IST" duration-ms="87" status="PASS">
          <reporter-output>
          </reporter-output>
        </test-method> <!-- close -->
      </class> <!-- com.testing.dockertesting.dockertest -->
    </test> <!-- Default test -->
  </suite> <!-- Default suite -->
</testng-results>
