<?xml version="1.0" encoding="UTF-8"?>
<testng-results ignored="0" total="1" passed="1" failed="0" skipped="0">
  <reporter-output>
  </reporter-output>
  <suite started-at="2023-08-18T14:44:12 IST" name="Default suite" finished-at="2023-08-18T14:46:29 IST" duration-ms="136822">
    <groups>
    </groups>
    <test started-at="2023-08-18T14:44:12 IST" name="Default test" finished-at="2023-08-18T14:46:29 IST" duration-ms="136822">
      <class name="com.testing.dockertesting.dockertest">
        <test-method is-config="true" signature="setup()[pri:0, instance:com.testing.dockertesting.dockertest@759d26fb]" started-at="2023-08-18T14:44:12 IST" name="setup" finished-at="2023-08-18T14:46:25 IST" duration-ms="132835" status="PASS">
          <reporter-output>
          </reporter-output>
        </test-method> <!-- setup -->
        <test-method signature="testWebsiteTitle()[pri:0, instance:com.testing.dockertesting.dockertest@759d26fb]" started-at="2023-08-18T14:46:25 IST" name="testWebsiteTitle" finished-at="2023-08-18T14:46:29 IST" duration-ms="3855" status="PASS">
          <reporter-output>
          </reporter-output>
        </test-method> <!-- testWebsiteTitle -->
        <test-method is-config="true" signature="close()[pri:0, instance:com.testing.dockertesting.dockertest@759d26fb]" started-at="2023-08-18T14:46:29 IST" name="close" finished-at="2023-08-18T14:46:29 IST" duration-ms="112" status="PASS">
          <reporter-output>
          </reporter-output>
        </test-method> <!-- close -->
      </class> <!-- com.testing.dockertesting.dockertest -->
    </test> <!-- Default test -->
  </suite> <!-- Default suite -->
</testng-results>
